<?xml version="1.0" encoding="UTF-8"?>
<!-- Generated by org.testng.reporters.JUnitReportReporter -->
<testsuite hostname="farukalam" failures="0" tests="3" name="ealtestng_pack.Logtestng" time="0.332" errors="0" timestamp="2024-02-27T20:50:41 EST" skipped="0">
  <testcase classname="ealtestng_pack.Logtestng" name="t2" time="0.005"/>
  <testcase classname="ealtestng_pack.Logtestng" name="login" time="0.048"/>
  <testcase classname="ealtestng_pack.Logtestng" name="verify_homepage" time="0.279"/>
</testsuite> <!-- ealtestng_pack.Logtestng -->
