<?xml version="1.0" encoding="UTF-8"?>
<!-- Generated by org.testng.reporters.JUnitReportReporter -->
<testsuite hostname="farukalam" failures="0" tests="3" name="ealtestng_pack.Ex_tent" time="0.021" errors="0" timestamp="2024-02-22T14:36:20 EST" skipped="0">
  <testcase classname="ealtestng_pack.Ex_tent" name="navigatehomepage" time="0.016"/>
  <testcase classname="ealtestng_pack.Ex_tent" name="t2" time="0.002"/>
  <testcase classname="ealtestng_pack.Ex_tent" name="t3" time="0.003"/>
</testsuite> <!-- ealtestng_pack.Ex_tent -->
